[0.137s] Invoking command in '/home/bfh/hello_moveit_smk/build/hello_moveit_smk': CMAKE_PREFIX_PATH=${CMAKE_PREFIX_PATH}:/home/bfh/ws_moveit2/install/moveit_configs_utils:/home/bfh/ws_moveit2/install/launch_param_builder:/opt/ros/humble /usr/bin/cmake /home/bfh/hello_moveit_smk -DCMAKE_INSTALL_PREFIX=/home/bfh/hello_moveit_smk/install/hello_moveit_smk
[0.342s] -- The C compiler identification is GNU 11.4.0
[0.498s] -- The CXX compiler identification is GNU 11.4.0
[0.521s] -- Detecting C compiler ABI info
[0.737s] -- Detecting C compiler ABI info - done
[0.755s] -- Check for working C compiler: /usr/bin/cc - skipped
[0.764s] -- Detecting C compile features
[0.765s] -- Detecting C compile features - done
[0.774s] -- Detecting CXX compiler ABI info
[0.984s] -- Detecting CXX compiler ABI info - done
[1.002s] -- Check for working CXX compiler: /usr/bin/c++ - skipped
[1.003s] -- Detecting CXX compile features
[1.003s] -- Detecting CXX compile features - done
[1.029s] -- Found ament_cmake: 1.3.8 (/opt/ros/humble/share/ament_cmake/cmake)
[1.329s] -- Found Python3: /home/bfh/anaconda3/bin/python3 (found version "3.7.0") found components: Interpreter 
[1.498s] -- Found moveit_ros_planning_interface: 2.5.5 (/home/bfh/ws_moveit2/install/moveit_ros_planning_interface/share/moveit_ros_planning_interface/cmake)
[1.963s] -- Found Boost: /usr/lib/x86_64-linux-gnu/cmake/Boost-1.74.0/BoostConfig.cmake (found version "1.74.0") found components: date_time filesystem program_options system thread 
[2.070s] -- Found rosidl_generator_c: 3.1.5 (/opt/ros/humble/share/rosidl_generator_c/cmake)
[2.080s] -- Found rosidl_adapter: 3.1.5 (/opt/ros/humble/share/rosidl_adapter/cmake)
[2.094s] -- Found rosidl_generator_cpp: 3.1.5 (/opt/ros/humble/share/rosidl_generator_cpp/cmake)
[2.115s] -- Using all available rosidl_typesupport_c: rosidl_typesupport_fastrtps_c;rosidl_typesupport_introspection_c
[2.144s] -- Using all available rosidl_typesupport_cpp: rosidl_typesupport_fastrtps_cpp;rosidl_typesupport_introspection_cpp
[2.977s] -- Found Boost: /usr/lib/x86_64-linux-gnu/cmake/Boost-1.74.0/BoostConfig.cmake (found version "1.74.0") found components: chrono date_time filesystem iostreams program_options regex serialization system thread 
[3.059s] -- Found parameter_traits: 0.3.7 (/opt/ros/humble/share/parameter_traits/cmake)
[3.150s] -- Found rmw_implementation_cmake: 6.1.1 (/opt/ros/humble/share/rmw_implementation_cmake/cmake)
[3.168s] -- Found rmw_fastrtps_cpp: 6.2.6 (/opt/ros/humble/share/rmw_fastrtps_cpp/cmake)
[3.437s] -- Found OpenSSL: /usr/lib/x86_64-linux-gnu/libcrypto.so (found version "3.0.2")  
[3.478s] -- Found FastRTPS: /opt/ros/humble/include  
[3.538s] -- Using RMW implementation 'rmw_fastrtps_cpp' as default
[3.557s] -- Found Threads: TRUE  
[3.697s] -- Found Eigen3: TRUE (found version "3.4.0") 
[3.703s] -- Found rclcpp_lifecycle: 16.0.8 (/opt/ros/humble/share/rclcpp_lifecycle/cmake)
[3.753s] -- Found Boost: /usr/lib/x86_64-linux-gnu/cmake/Boost-1.74.0/BoostConfig.cmake (found version "1.74.0") found components: filesystem 
[4.030s] -- library: /usr/lib/x86_64-linux-gnu/libcurl.so
[4.200s] -- Ensuring Eigen3 include directory is part of orocos-kdl CMake target
[4.736s] -- Found Boost: /usr/lib/x86_64-linux-gnu/cmake/Boost-1.74.0/BoostConfig.cmake (found version "1.74.0") found components: system filesystem date_time program_options thread chrono 
[5.235s] -- Found Boost: /usr/lib/x86_64-linux-gnu/cmake/Boost-1.74.0/BoostConfig.cmake (found version "1.74.0") found components: thread system filesystem regex date_time program_options 
[5.476s] -- Found Boost: /usr/lib/x86_64-linux-gnu/cmake/Boost-1.74.0/BoostConfig.cmake (found version "1.74.0") found components: system filesystem date_time program_options thread 
[5.884s] -- Found ament_lint_auto: 0.12.10 (/opt/ros/humble/share/ament_lint_auto/cmake)
[5.923s] Traceback (most recent call last):
[5.924s]   File "/opt/ros/humble/share/ament_cmake_core/cmake/core/package_xml_2_cmake.py", line 22, in <module>
[5.924s]     from catkin_pkg.package import parse_package_string
[5.924s] ModuleNotFoundError: No module named 'catkin_pkg'
[5.928s] [31mCMake Error at /opt/ros/humble/share/ament_cmake_core/cmake/core/ament_package_xml.cmake:95 (message):
[5.928s]   execute_process(/home/bfh/anaconda3/bin/python3
[5.928s]   /opt/ros/humble/share/ament_cmake_core/cmake/core/package_xml_2_cmake.py
[5.928s]   /home/bfh/hello_moveit_smk/package.xml
[5.928s]   /home/bfh/hello_moveit_smk/build/hello_moveit_smk/ament_cmake_core/package.cmake)
[5.929s]   returned error code 1
[5.929s] Call Stack (most recent call first):
[5.929s]   /opt/ros/humble/share/ament_cmake_core/cmake/core/ament_package_xml.cmake:49 (_ament_package_xml)
[5.929s]   /opt/ros/humble/share/ament_lint_auto/cmake/ament_lint_auto_find_test_dependencies.cmake:31 (ament_package_xml)
[5.929s]   CMakeLists.txt:41 (ament_lint_auto_find_test_dependencies)
[5.929s] 
[5.929s] [0m
[5.929s] -- Configuring incomplete, errors occurred!
[5.930s] See also "/home/bfh/hello_moveit_smk/build/hello_moveit_smk/CMakeFiles/CMakeOutput.log".
[5.953s] Invoked command in '/home/bfh/hello_moveit_smk/build/hello_moveit_smk' returned '1': CMAKE_PREFIX_PATH=${CMAKE_PREFIX_PATH}:/home/bfh/ws_moveit2/install/moveit_configs_utils:/home/bfh/ws_moveit2/install/launch_param_builder:/opt/ros/humble /usr/bin/cmake /home/bfh/hello_moveit_smk -DCMAKE_INSTALL_PREFIX=/home/bfh/hello_moveit_smk/install/hello_moveit_smk
