[0.900s] DEBUG:colcon:Command line arguments: ['/usr/bin/colcon', 'build']
[0.900s] DEBUG:colcon:Parsed command line arguments: Namespace(log_base=None, log_level=None, verb_name='build', build_base='build', install_base='install', merge_install=False, symlink_install=False, test_result_base=None, continue_on_error=False, executor='parallel', parallel_workers=24, event_handlers=None, ignore_user_meta=False, metas=['./colcon.meta'], base_paths=['.'], packages_ignore=None, packages_ignore_regex=None, paths=None, packages_up_to=None, packages_up_to_regex=None, packages_above=None, packages_above_and_dependencies=None, packages_above_depth=None, packages_select_by_dep=None, packages_skip_by_dep=None, packages_skip_up_to=None, packages_select_build_failed=False, packages_skip_build_finished=False, packages_select_test_failures=False, packages_skip_test_passed=False, packages_select=None, packages_skip=None, packages_select_regex=None, packages_skip_regex=None, packages_start=None, packages_end=None, allow_overriding=[], cmake_args=None, cmake_target=None, cmake_target_skip_unavailable=False, cmake_clean_cache=False, cmake_clean_first=False, cmake_force_configure=False, ament_cmake_args=None, catkin_cmake_args=None, catkin_skip_building_tests=False, mixin_files=None, mixin=None, verb_parser=<colcon_mixin.mixin.mixin_argument.MixinArgumentDecorator object at 0x7f2da61a0460>, verb_extension=<colcon_core.verb.build.BuildVerb object at 0x7f2da6158d30>, main=<bound method BuildVerb.main of <colcon_core.verb.build.BuildVerb object at 0x7f2da6158d30>>, mixin_verb=('build',))
[0.934s] Level 1:colcon.colcon_core.package_discovery:discover_packages(colcon_meta) check parameters
[0.934s] Level 1:colcon.colcon_core.package_discovery:discover_packages(recursive) check parameters
[0.934s] Level 1:colcon.colcon_core.package_discovery:discover_packages(ignore) check parameters
[0.934s] Level 1:colcon.colcon_core.package_discovery:discover_packages(path) check parameters
[0.934s] Level 1:colcon.colcon_core.package_discovery:discover_packages(colcon_meta) discover
[0.934s] Level 1:colcon.colcon_core.package_discovery:discover_packages(recursive) discover
[0.934s] INFO:colcon.colcon_core.package_discovery:Crawling recursively for packages in '/home/bfh/hello_moveit_smk'
[0.934s] Level 1:colcon.colcon_core.package_identification:_identify(.) by extensions ['ignore', 'ignore_ament_install']
[0.934s] Level 1:colcon.colcon_core.package_identification:_identify(.) by extension 'ignore'
[0.934s] Level 1:colcon.colcon_core.package_identification:_identify(.) by extension 'ignore_ament_install'
[0.934s] Level 1:colcon.colcon_core.package_identification:_identify(.) by extensions ['colcon_pkg']
[0.934s] Level 1:colcon.colcon_core.package_identification:_identify(.) by extension 'colcon_pkg'
[0.934s] Level 1:colcon.colcon_core.package_identification:_identify(.) by extensions ['colcon_meta']
[0.934s] Level 1:colcon.colcon_core.package_identification:_identify(.) by extension 'colcon_meta'
[0.935s] Level 1:colcon.colcon_core.package_identification:_identify(.) by extensions ['ros']
[0.935s] Level 1:colcon.colcon_core.package_identification:_identify(.) by extension 'ros'
[0.951s] DEBUG:colcon.colcon_core.package_identification:Package '.' with type 'ros.ament_cmake' and name 'hello_moveit_smk'
[0.952s] Level 1:colcon.colcon_core.package_discovery:discover_packages(recursive) using defaults
[0.952s] Level 1:colcon.colcon_core.package_discovery:discover_packages(ignore) discover
[0.952s] Level 1:colcon.colcon_core.package_discovery:discover_packages(ignore) using defaults
[0.952s] Level 1:colcon.colcon_core.package_discovery:discover_packages(path) discover
[0.952s] Level 1:colcon.colcon_core.package_discovery:discover_packages(path) using defaults
[1.017s] Level 1:colcon.colcon_core.package_discovery:discover_packages(prefix_path) check parameters
[1.017s] Level 1:colcon.colcon_core.package_discovery:discover_packages(prefix_path) discover
[1.039s] DEBUG:colcon.colcon_installed_package_information.package_discovery:Found 1 installed packages in /home/bfh/hello_moveit_smk/install
[1.050s] DEBUG:colcon.colcon_installed_package_information.package_discovery:Found 56 installed packages in /home/bfh/ws_moveit2/install
[1.061s] DEBUG:colcon.colcon_installed_package_information.package_discovery:Found 341 installed packages in /opt/ros/humble
[1.063s] Level 1:colcon.colcon_core.package_discovery:discover_packages(prefix_path) using defaults
[1.140s] Level 5:colcon.colcon_core.verb:set package 'hello_moveit_smk' build argument 'cmake_args' from command line to 'None'
[1.140s] Level 5:colcon.colcon_core.verb:set package 'hello_moveit_smk' build argument 'cmake_target' from command line to 'None'
[1.140s] Level 5:colcon.colcon_core.verb:set package 'hello_moveit_smk' build argument 'cmake_target_skip_unavailable' from command line to 'False'
[1.140s] Level 5:colcon.colcon_core.verb:set package 'hello_moveit_smk' build argument 'cmake_clean_cache' from command line to 'False'
[1.140s] Level 5:colcon.colcon_core.verb:set package 'hello_moveit_smk' build argument 'cmake_clean_first' from command line to 'False'
[1.140s] Level 5:colcon.colcon_core.verb:set package 'hello_moveit_smk' build argument 'cmake_force_configure' from command line to 'False'
[1.140s] Level 5:colcon.colcon_core.verb:set package 'hello_moveit_smk' build argument 'ament_cmake_args' from command line to 'None'
[1.140s] Level 5:colcon.colcon_core.verb:set package 'hello_moveit_smk' build argument 'catkin_cmake_args' from command line to 'None'
[1.140s] Level 5:colcon.colcon_core.verb:set package 'hello_moveit_smk' build argument 'catkin_skip_building_tests' from command line to 'False'
[1.140s] DEBUG:colcon.colcon_core.verb:Building package 'hello_moveit_smk' with the following arguments: {'ament_cmake_args': None, 'build_base': '/home/bfh/hello_moveit_smk/build/hello_moveit_smk', 'catkin_cmake_args': None, 'catkin_skip_building_tests': False, 'cmake_args': None, 'cmake_clean_cache': False, 'cmake_clean_first': False, 'cmake_force_configure': False, 'cmake_target': None, 'cmake_target_skip_unavailable': False, 'install_base': '/home/bfh/hello_moveit_smk/install/hello_moveit_smk', 'merge_install': False, 'path': '/home/bfh/hello_moveit_smk', 'symlink_install': False, 'test_result_base': None}
[1.150s] INFO:colcon.colcon_core.executor:Executing jobs using 'parallel' executor
[1.161s] DEBUG:colcon.colcon_parallel_executor.executor.parallel:run_until_complete
[1.161s] INFO:colcon.colcon_ros.task.ament_cmake.build:Building ROS package in '/home/bfh/hello_moveit_smk' with build type 'ament_cmake'
[1.161s] INFO:colcon.colcon_cmake.task.cmake.build:Building CMake package in '/home/bfh/hello_moveit_smk'
[1.173s] INFO:colcon.colcon_core.plugin_system:Skipping extension 'colcon_core.shell.bat': Not used on non-Windows systems
[1.173s] INFO:colcon.colcon_core.shell:Skip shell extension 'powershell' for command environment: Not usable outside of PowerShell
[1.173s] DEBUG:colcon.colcon_core.shell:Skip shell extension 'dsv' for command environment
[1.234s] DEBUG:colcon.colcon_core.event_handler.log_command:Invoking command in '/home/bfh/hello_moveit_smk/build/hello_moveit_smk': CMAKE_PREFIX_PATH=${CMAKE_PREFIX_PATH}:/home/bfh/ws_moveit2/install/moveit_configs_utils:/home/bfh/ws_moveit2/install/launch_param_builder:/opt/ros/humble /usr/bin/cmake --build /home/bfh/hello_moveit_smk/build/hello_moveit_smk -- -j24 -l24
[1.448s] DEBUG:colcon.colcon_core.event_handler.log_command:Invoked command in '/home/bfh/hello_moveit_smk/build/hello_moveit_smk' returned '0': CMAKE_PREFIX_PATH=${CMAKE_PREFIX_PATH}:/home/bfh/ws_moveit2/install/moveit_configs_utils:/home/bfh/ws_moveit2/install/launch_param_builder:/opt/ros/humble /usr/bin/cmake --build /home/bfh/hello_moveit_smk/build/hello_moveit_smk -- -j24 -l24
[1.600s] DEBUG:colcon.colcon_core.event_handler.log_command:Invoking command in '/home/bfh/hello_moveit_smk/build/hello_moveit_smk': CMAKE_PREFIX_PATH=${CMAKE_PREFIX_PATH}:/home/bfh/ws_moveit2/install/moveit_configs_utils:/home/bfh/ws_moveit2/install/launch_param_builder:/opt/ros/humble /usr/bin/cmake --install /home/bfh/hello_moveit_smk/build/hello_moveit_smk
[1.620s] Level 1:colcon.colcon_core.environment:create_environment_scripts_only(hello_moveit_smk)
[1.621s] DEBUG:colcon.colcon_core.event_handler.log_command:Invoked command in '/home/bfh/hello_moveit_smk/build/hello_moveit_smk' returned '0': CMAKE_PREFIX_PATH=${CMAKE_PREFIX_PATH}:/home/bfh/ws_moveit2/install/moveit_configs_utils:/home/bfh/ws_moveit2/install/launch_param_builder:/opt/ros/humble /usr/bin/cmake --install /home/bfh/hello_moveit_smk/build/hello_moveit_smk
[1.653s] Level 1:colcon.colcon_core.environment:checking '/home/bfh/hello_moveit_smk/install/hello_moveit_smk' for CMake module files
[1.653s] Level 1:colcon.colcon_core.environment:checking '/home/bfh/hello_moveit_smk/install/hello_moveit_smk' for CMake config files
[1.653s] Level 1:colcon.colcon_core.shell:create_environment_hook('hello_moveit_smk', 'cmake_prefix_path')
[1.666s] INFO:colcon.colcon_core.shell:Creating environment hook '/home/bfh/hello_moveit_smk/install/hello_moveit_smk/share/hello_moveit_smk/hook/cmake_prefix_path.ps1'
[1.667s] INFO:colcon.colcon_core.shell:Creating environment descriptor '/home/bfh/hello_moveit_smk/install/hello_moveit_smk/share/hello_moveit_smk/hook/cmake_prefix_path.dsv'
[1.667s] INFO:colcon.colcon_core.shell:Creating environment hook '/home/bfh/hello_moveit_smk/install/hello_moveit_smk/share/hello_moveit_smk/hook/cmake_prefix_path.sh'
[1.668s] Level 1:colcon.colcon_core.environment:checking '/home/bfh/hello_moveit_smk/install/hello_moveit_smk/lib'
[1.668s] Level 1:colcon.colcon_core.environment:checking '/home/bfh/hello_moveit_smk/install/hello_moveit_smk/bin'
[1.668s] Level 1:colcon.colcon_core.environment:checking '/home/bfh/hello_moveit_smk/install/hello_moveit_smk/lib/pkgconfig/hello_moveit_smk.pc'
[1.669s] Level 1:colcon.colcon_core.environment:checking '/home/bfh/hello_moveit_smk/install/hello_moveit_smk/lib/python3.10/site-packages'
[1.669s] Level 1:colcon.colcon_core.environment:checking '/home/bfh/hello_moveit_smk/install/hello_moveit_smk/bin'
[1.680s] INFO:colcon.colcon_core.shell:Creating package script '/home/bfh/hello_moveit_smk/install/hello_moveit_smk/share/hello_moveit_smk/package.ps1'
[1.680s] INFO:colcon.colcon_core.shell:Creating package descriptor '/home/bfh/hello_moveit_smk/install/hello_moveit_smk/share/hello_moveit_smk/package.dsv'
[1.681s] INFO:colcon.colcon_core.shell:Creating package script '/home/bfh/hello_moveit_smk/install/hello_moveit_smk/share/hello_moveit_smk/package.sh'
[1.681s] INFO:colcon.colcon_core.shell:Creating package script '/home/bfh/hello_moveit_smk/install/hello_moveit_smk/share/hello_moveit_smk/package.bash'
[1.682s] INFO:colcon.colcon_core.shell:Creating package script '/home/bfh/hello_moveit_smk/install/hello_moveit_smk/share/hello_moveit_smk/package.zsh'
[1.682s] Level 1:colcon.colcon_core.environment:create_file_with_runtime_dependencies(/home/bfh/hello_moveit_smk/install/hello_moveit_smk/share/colcon-core/packages/hello_moveit_smk)
[1.824s] Level 1:colcon.colcon_core.environment:create_environment_scripts_only(hello_moveit_smk)
[1.838s] Level 1:colcon.colcon_core.environment:checking '/home/bfh/hello_moveit_smk/install/hello_moveit_smk' for CMake module files
[1.838s] Level 1:colcon.colcon_core.environment:checking '/home/bfh/hello_moveit_smk/install/hello_moveit_smk' for CMake config files
[1.838s] Level 1:colcon.colcon_core.shell:create_environment_hook('hello_moveit_smk', 'cmake_prefix_path')
[1.849s] INFO:colcon.colcon_core.shell:Creating environment hook '/home/bfh/hello_moveit_smk/install/hello_moveit_smk/share/hello_moveit_smk/hook/cmake_prefix_path.ps1'
[1.850s] INFO:colcon.colcon_core.shell:Creating environment descriptor '/home/bfh/hello_moveit_smk/install/hello_moveit_smk/share/hello_moveit_smk/hook/cmake_prefix_path.dsv'
[1.850s] INFO:colcon.colcon_core.shell:Creating environment hook '/home/bfh/hello_moveit_smk/install/hello_moveit_smk/share/hello_moveit_smk/hook/cmake_prefix_path.sh'
[1.851s] Level 1:colcon.colcon_core.environment:checking '/home/bfh/hello_moveit_smk/install/hello_moveit_smk/lib'
[1.851s] Level 1:colcon.colcon_core.environment:checking '/home/bfh/hello_moveit_smk/install/hello_moveit_smk/bin'
[1.851s] Level 1:colcon.colcon_core.environment:checking '/home/bfh/hello_moveit_smk/install/hello_moveit_smk/lib/pkgconfig/hello_moveit_smk.pc'
[1.851s] Level 1:colcon.colcon_core.environment:checking '/home/bfh/hello_moveit_smk/install/hello_moveit_smk/lib/python3.10/site-packages'
[1.851s] Level 1:colcon.colcon_core.environment:checking '/home/bfh/hello_moveit_smk/install/hello_moveit_smk/bin'
[1.862s] INFO:colcon.colcon_core.shell:Creating package script '/home/bfh/hello_moveit_smk/install/hello_moveit_smk/share/hello_moveit_smk/package.ps1'
[1.862s] INFO:colcon.colcon_core.shell:Creating package descriptor '/home/bfh/hello_moveit_smk/install/hello_moveit_smk/share/hello_moveit_smk/package.dsv'
[1.863s] INFO:colcon.colcon_core.shell:Creating package script '/home/bfh/hello_moveit_smk/install/hello_moveit_smk/share/hello_moveit_smk/package.sh'
[1.863s] INFO:colcon.colcon_core.shell:Creating package script '/home/bfh/hello_moveit_smk/install/hello_moveit_smk/share/hello_moveit_smk/package.bash'
[1.863s] INFO:colcon.colcon_core.shell:Creating package script '/home/bfh/hello_moveit_smk/install/hello_moveit_smk/share/hello_moveit_smk/package.zsh'
[1.864s] Level 1:colcon.colcon_core.environment:create_file_with_runtime_dependencies(/home/bfh/hello_moveit_smk/install/hello_moveit_smk/share/colcon-core/packages/hello_moveit_smk)
[1.864s] DEBUG:colcon.colcon_parallel_executor.executor.parallel:closing loop
[1.864s] DEBUG:colcon.colcon_parallel_executor.executor.parallel:loop closed
[1.864s] DEBUG:colcon.colcon_parallel_executor.executor.parallel:run_until_complete finished with '0'
[1.864s] DEBUG:colcon.colcon_core.event_reactor:joining thread
[1.907s] INFO:colcon.colcon_core.plugin_system:Skipping extension 'colcon_notification.desktop_notification.terminal_notifier': Not used on non-Darwin systems
[1.908s] INFO:colcon.colcon_core.plugin_system:Skipping extension 'colcon_notification.desktop_notification.win32': Not used on non-Windows systems
[1.908s] INFO:colcon.colcon_notification.desktop_notification:Sending desktop notification using 'notify2'
[1.932s] DEBUG:colcon.colcon_core.event_reactor:joined thread
[1.962s] INFO:colcon.colcon_core.shell:Creating prefix script '/home/bfh/hello_moveit_smk/install/local_setup.ps1'
[1.963s] INFO:colcon.colcon_core.shell:Creating prefix util module '/home/bfh/hello_moveit_smk/install/_local_setup_util_ps1.py'
[1.965s] INFO:colcon.colcon_core.shell:Creating prefix chain script '/home/bfh/hello_moveit_smk/install/setup.ps1'
[1.979s] INFO:colcon.colcon_core.shell:Creating prefix script '/home/bfh/hello_moveit_smk/install/local_setup.sh'
[1.980s] INFO:colcon.colcon_core.shell:Creating prefix util module '/home/bfh/hello_moveit_smk/install/_local_setup_util_sh.py'
[1.980s] INFO:colcon.colcon_core.shell:Creating prefix chain script '/home/bfh/hello_moveit_smk/install/setup.sh'
[1.993s] INFO:colcon.colcon_core.shell:Creating prefix script '/home/bfh/hello_moveit_smk/install/local_setup.bash'
[1.994s] INFO:colcon.colcon_core.shell:Creating prefix chain script '/home/bfh/hello_moveit_smk/install/setup.bash'
[2.006s] INFO:colcon.colcon_core.shell:Creating prefix script '/home/bfh/hello_moveit_smk/install/local_setup.zsh'
[2.006s] INFO:colcon.colcon_core.shell:Creating prefix chain script '/home/bfh/hello_moveit_smk/install/setup.zsh'
