[0.892s] DEBUG:colcon:Command line arguments: ['/usr/bin/colcon', 'build']
[0.893s] DEBUG:colcon:Parsed command line arguments: Namespace(log_base=None, log_level=None, verb_name='build', build_base='build', install_base='install', merge_install=False, symlink_install=False, test_result_base=None, continue_on_error=False, executor='parallel', parallel_workers=24, event_handlers=None, ignore_user_meta=False, metas=['./colcon.meta'], base_paths=['.'], packages_ignore=None, packages_ignore_regex=None, paths=None, packages_up_to=None, packages_up_to_regex=None, packages_above=None, packages_above_and_dependencies=None, packages_above_depth=None, packages_select_by_dep=None, packages_skip_by_dep=None, packages_skip_up_to=None, packages_select_build_failed=False, packages_skip_build_finished=False, packages_select_test_failures=False, packages_skip_test_passed=False, packages_select=None, packages_skip=None, packages_select_regex=None, packages_skip_regex=None, packages_start=None, packages_end=None, allow_overriding=[], cmake_args=None, cmake_target=None, cmake_target_skip_unavailable=False, cmake_clean_cache=False, cmake_clean_first=False, cmake_force_configure=False, ament_cmake_args=None, catkin_cmake_args=None, catkin_skip_building_tests=False, mixin_files=None, mixin=None, verb_parser=<colcon_mixin.mixin.mixin_argument.MixinArgumentDecorator object at 0x7d2764b784c0>, verb_extension=<colcon_core.verb.build.BuildVerb object at 0x7d2764b30ca0>, main=<bound method BuildVerb.main of <colcon_core.verb.build.BuildVerb object at 0x7d2764b30ca0>>, mixin_verb=('build',))
[0.946s] Level 1:colcon.colcon_core.package_discovery:discover_packages(colcon_meta) check parameters
[0.946s] Level 1:colcon.colcon_core.package_discovery:discover_packages(recursive) check parameters
[0.946s] Level 1:colcon.colcon_core.package_discovery:discover_packages(ignore) check parameters
[0.946s] Level 1:colcon.colcon_core.package_discovery:discover_packages(path) check parameters
[0.946s] Level 1:colcon.colcon_core.package_discovery:discover_packages(colcon_meta) discover
[0.946s] Level 1:colcon.colcon_core.package_discovery:discover_packages(recursive) discover
[0.946s] INFO:colcon.colcon_core.package_discovery:Crawling recursively for packages in '/home/bfh/hello_moveit_smk'
[0.946s] Level 1:colcon.colcon_core.package_identification:_identify(.) by extensions ['ignore', 'ignore_ament_install']
[0.946s] Level 1:colcon.colcon_core.package_identification:_identify(.) by extension 'ignore'
[0.946s] Level 1:colcon.colcon_core.package_identification:_identify(.) by extension 'ignore_ament_install'
[0.946s] Level 1:colcon.colcon_core.package_identification:_identify(.) by extensions ['colcon_pkg']
[0.946s] Level 1:colcon.colcon_core.package_identification:_identify(.) by extension 'colcon_pkg'
[0.946s] Level 1:colcon.colcon_core.package_identification:_identify(.) by extensions ['colcon_meta']
[0.946s] Level 1:colcon.colcon_core.package_identification:_identify(.) by extension 'colcon_meta'
[0.946s] Level 1:colcon.colcon_core.package_identification:_identify(.) by extensions ['ros']
[0.946s] Level 1:colcon.colcon_core.package_identification:_identify(.) by extension 'ros'
[0.962s] DEBUG:colcon.colcon_core.package_identification:Package '.' with type 'ros.ament_cmake' and name 'hello_moveit_smk'
[0.962s] Level 1:colcon.colcon_core.package_discovery:discover_packages(recursive) using defaults
[0.963s] Level 1:colcon.colcon_core.package_discovery:discover_packages(ignore) discover
[0.963s] Level 1:colcon.colcon_core.package_discovery:discover_packages(ignore) using defaults
[0.963s] Level 1:colcon.colcon_core.package_discovery:discover_packages(path) discover
[0.963s] Level 1:colcon.colcon_core.package_discovery:discover_packages(path) using defaults
[1.028s] Level 1:colcon.colcon_core.package_discovery:discover_packages(prefix_path) check parameters
[1.028s] Level 1:colcon.colcon_core.package_discovery:discover_packages(prefix_path) discover
[1.051s] DEBUG:colcon.colcon_installed_package_information.package_discovery:Found 56 installed packages in /home/bfh/ws_moveit2/install
[1.062s] DEBUG:colcon.colcon_installed_package_information.package_discovery:Found 341 installed packages in /opt/ros/humble
[1.064s] Level 1:colcon.colcon_core.package_discovery:discover_packages(prefix_path) using defaults
[1.140s] Level 5:colcon.colcon_core.verb:set package 'hello_moveit_smk' build argument 'cmake_args' from command line to 'None'
[1.140s] Level 5:colcon.colcon_core.verb:set package 'hello_moveit_smk' build argument 'cmake_target' from command line to 'None'
[1.140s] Level 5:colcon.colcon_core.verb:set package 'hello_moveit_smk' build argument 'cmake_target_skip_unavailable' from command line to 'False'
[1.140s] Level 5:colcon.colcon_core.verb:set package 'hello_moveit_smk' build argument 'cmake_clean_cache' from command line to 'False'
[1.140s] Level 5:colcon.colcon_core.verb:set package 'hello_moveit_smk' build argument 'cmake_clean_first' from command line to 'False'
[1.140s] Level 5:colcon.colcon_core.verb:set package 'hello_moveit_smk' build argument 'cmake_force_configure' from command line to 'False'
[1.140s] Level 5:colcon.colcon_core.verb:set package 'hello_moveit_smk' build argument 'ament_cmake_args' from command line to 'None'
[1.140s] Level 5:colcon.colcon_core.verb:set package 'hello_moveit_smk' build argument 'catkin_cmake_args' from command line to 'None'
[1.140s] Level 5:colcon.colcon_core.verb:set package 'hello_moveit_smk' build argument 'catkin_skip_building_tests' from command line to 'False'
[1.140s] DEBUG:colcon.colcon_core.verb:Building package 'hello_moveit_smk' with the following arguments: {'ament_cmake_args': None, 'build_base': '/home/bfh/hello_moveit_smk/build/hello_moveit_smk', 'catkin_cmake_args': None, 'catkin_skip_building_tests': False, 'cmake_args': None, 'cmake_clean_cache': False, 'cmake_clean_first': False, 'cmake_force_configure': False, 'cmake_target': None, 'cmake_target_skip_unavailable': False, 'install_base': '/home/bfh/hello_moveit_smk/install/hello_moveit_smk', 'merge_install': False, 'path': '/home/bfh/hello_moveit_smk', 'symlink_install': False, 'test_result_base': None}
[1.150s] INFO:colcon.colcon_core.executor:Executing jobs using 'parallel' executor
[1.161s] DEBUG:colcon.colcon_parallel_executor.executor.parallel:run_until_complete
[1.161s] INFO:colcon.colcon_ros.task.ament_cmake.build:Building ROS package in '/home/bfh/hello_moveit_smk' with build type 'ament_cmake'
[1.161s] INFO:colcon.colcon_cmake.task.cmake.build:Building CMake package in '/home/bfh/hello_moveit_smk'
[1.173s] INFO:colcon.colcon_core.plugin_system:Skipping extension 'colcon_core.shell.bat': Not used on non-Windows systems
[1.173s] INFO:colcon.colcon_core.shell:Skip shell extension 'powershell' for command environment: Not usable outside of PowerShell
[1.173s] DEBUG:colcon.colcon_core.shell:Skip shell extension 'dsv' for command environment
[1.223s] DEBUG:colcon.colcon_core.event_handler.log_command:Invoking command in '/home/bfh/hello_moveit_smk/build/hello_moveit_smk': CMAKE_PREFIX_PATH=${CMAKE_PREFIX_PATH}:/home/bfh/ws_moveit2/install/moveit_configs_utils:/home/bfh/ws_moveit2/install/launch_param_builder:/opt/ros/humble /usr/bin/cmake /home/bfh/hello_moveit_smk -DCMAKE_INSTALL_PREFIX=/home/bfh/hello_moveit_smk/install/hello_moveit_smk
[4.524s] DEBUG:colcon.colcon_core.event_handler.log_command:Invoked command in '/home/bfh/hello_moveit_smk/build/hello_moveit_smk' returned '0': CMAKE_PREFIX_PATH=${CMAKE_PREFIX_PATH}:/home/bfh/ws_moveit2/install/moveit_configs_utils:/home/bfh/ws_moveit2/install/launch_param_builder:/opt/ros/humble /usr/bin/cmake /home/bfh/hello_moveit_smk -DCMAKE_INSTALL_PREFIX=/home/bfh/hello_moveit_smk/install/hello_moveit_smk
[4.525s] DEBUG:colcon.colcon_core.event_handler.log_command:Invoking command in '/home/bfh/hello_moveit_smk/build/hello_moveit_smk': CMAKE_PREFIX_PATH=${CMAKE_PREFIX_PATH}:/home/bfh/ws_moveit2/install/moveit_configs_utils:/home/bfh/ws_moveit2/install/launch_param_builder:/opt/ros/humble /usr/bin/cmake --build /home/bfh/hello_moveit_smk/build/hello_moveit_smk -- -j24 -l24
[12.141s] DEBUG:colcon.colcon_core.event_handler.log_command:Invoked command in '/home/bfh/hello_moveit_smk/build/hello_moveit_smk' returned '0': CMAKE_PREFIX_PATH=${CMAKE_PREFIX_PATH}:/home/bfh/ws_moveit2/install/moveit_configs_utils:/home/bfh/ws_moveit2/install/launch_param_builder:/opt/ros/humble /usr/bin/cmake --build /home/bfh/hello_moveit_smk/build/hello_moveit_smk -- -j24 -l24
[12.297s] DEBUG:colcon.colcon_core.event_handler.log_command:Invoking command in '/home/bfh/hello_moveit_smk/build/hello_moveit_smk': CMAKE_PREFIX_PATH=${CMAKE_PREFIX_PATH}:/home/bfh/ws_moveit2/install/moveit_configs_utils:/home/bfh/ws_moveit2/install/launch_param_builder:/opt/ros/humble /usr/bin/cmake --install /home/bfh/hello_moveit_smk/build/hello_moveit_smk
[12.328s] Level 1:colcon.colcon_core.environment:create_environment_scripts_only(hello_moveit_smk)
[12.329s] DEBUG:colcon.colcon_core.event_handler.log_command:Invoked command in '/home/bfh/hello_moveit_smk/build/hello_moveit_smk' returned '0': CMAKE_PREFIX_PATH=${CMAKE_PREFIX_PATH}:/home/bfh/ws_moveit2/install/moveit_configs_utils:/home/bfh/ws_moveit2/install/launch_param_builder:/opt/ros/humble /usr/bin/cmake --install /home/bfh/hello_moveit_smk/build/hello_moveit_smk
[12.360s] Level 1:colcon.colcon_core.environment:checking '/home/bfh/hello_moveit_smk/install/hello_moveit_smk' for CMake module files
[12.360s] Level 1:colcon.colcon_core.environment:checking '/home/bfh/hello_moveit_smk/install/hello_moveit_smk' for CMake config files
[12.360s] Level 1:colcon.colcon_core.shell:create_environment_hook('hello_moveit_smk', 'cmake_prefix_path')
[12.373s] INFO:colcon.colcon_core.shell:Creating environment hook '/home/bfh/hello_moveit_smk/install/hello_moveit_smk/share/hello_moveit_smk/hook/cmake_prefix_path.ps1'
[12.383s] INFO:colcon.colcon_core.shell:Creating environment descriptor '/home/bfh/hello_moveit_smk/install/hello_moveit_smk/share/hello_moveit_smk/hook/cmake_prefix_path.dsv'
[12.384s] INFO:colcon.colcon_core.shell:Creating environment hook '/home/bfh/hello_moveit_smk/install/hello_moveit_smk/share/hello_moveit_smk/hook/cmake_prefix_path.sh'
[12.386s] Level 1:colcon.colcon_core.environment:checking '/home/bfh/hello_moveit_smk/install/hello_moveit_smk/lib'
[12.386s] Level 1:colcon.colcon_core.environment:checking '/home/bfh/hello_moveit_smk/install/hello_moveit_smk/bin'
[12.386s] Level 1:colcon.colcon_core.environment:checking '/home/bfh/hello_moveit_smk/install/hello_moveit_smk/lib/pkgconfig/hello_moveit_smk.pc'
[12.387s] Level 1:colcon.colcon_core.environment:checking '/home/bfh/hello_moveit_smk/install/hello_moveit_smk/lib/python3.10/site-packages'
[12.387s] Level 1:colcon.colcon_core.environment:checking '/home/bfh/hello_moveit_smk/install/hello_moveit_smk/bin'
[12.413s] INFO:colcon.colcon_core.shell:Creating package script '/home/bfh/hello_moveit_smk/install/hello_moveit_smk/share/hello_moveit_smk/package.ps1'
[12.414s] INFO:colcon.colcon_core.shell:Creating package descriptor '/home/bfh/hello_moveit_smk/install/hello_moveit_smk/share/hello_moveit_smk/package.dsv'
[12.414s] INFO:colcon.colcon_core.shell:Creating package script '/home/bfh/hello_moveit_smk/install/hello_moveit_smk/share/hello_moveit_smk/package.sh'
[12.415s] INFO:colcon.colcon_core.shell:Creating package script '/home/bfh/hello_moveit_smk/install/hello_moveit_smk/share/hello_moveit_smk/package.bash'
[12.416s] INFO:colcon.colcon_core.shell:Creating package script '/home/bfh/hello_moveit_smk/install/hello_moveit_smk/share/hello_moveit_smk/package.zsh'
[12.417s] Level 1:colcon.colcon_core.environment:create_file_with_runtime_dependencies(/home/bfh/hello_moveit_smk/install/hello_moveit_smk/share/colcon-core/packages/hello_moveit_smk)
[12.560s] Level 1:colcon.colcon_core.environment:create_environment_scripts_only(hello_moveit_smk)
[12.583s] Level 1:colcon.colcon_core.environment:checking '/home/bfh/hello_moveit_smk/install/hello_moveit_smk' for CMake module files
[12.583s] Level 1:colcon.colcon_core.environment:checking '/home/bfh/hello_moveit_smk/install/hello_moveit_smk' for CMake config files
[12.583s] Level 1:colcon.colcon_core.shell:create_environment_hook('hello_moveit_smk', 'cmake_prefix_path')
[12.596s] INFO:colcon.colcon_core.shell:Creating environment hook '/home/bfh/hello_moveit_smk/install/hello_moveit_smk/share/hello_moveit_smk/hook/cmake_prefix_path.ps1'
[12.596s] INFO:colcon.colcon_core.shell:Creating environment descriptor '/home/bfh/hello_moveit_smk/install/hello_moveit_smk/share/hello_moveit_smk/hook/cmake_prefix_path.dsv'
[12.596s] INFO:colcon.colcon_core.shell:Creating environment hook '/home/bfh/hello_moveit_smk/install/hello_moveit_smk/share/hello_moveit_smk/hook/cmake_prefix_path.sh'
[12.597s] Level 1:colcon.colcon_core.environment:checking '/home/bfh/hello_moveit_smk/install/hello_moveit_smk/lib'
[12.597s] Level 1:colcon.colcon_core.environment:checking '/home/bfh/hello_moveit_smk/install/hello_moveit_smk/bin'
[12.597s] Level 1:colcon.colcon_core.environment:checking '/home/bfh/hello_moveit_smk/install/hello_moveit_smk/lib/pkgconfig/hello_moveit_smk.pc'
[12.597s] Level 1:colcon.colcon_core.environment:checking '/home/bfh/hello_moveit_smk/install/hello_moveit_smk/lib/python3.10/site-packages'
[12.597s] Level 1:colcon.colcon_core.environment:checking '/home/bfh/hello_moveit_smk/install/hello_moveit_smk/bin'
[12.608s] INFO:colcon.colcon_core.shell:Creating package script '/home/bfh/hello_moveit_smk/install/hello_moveit_smk/share/hello_moveit_smk/package.ps1'
[12.608s] INFO:colcon.colcon_core.shell:Creating package descriptor '/home/bfh/hello_moveit_smk/install/hello_moveit_smk/share/hello_moveit_smk/package.dsv'
[12.609s] INFO:colcon.colcon_core.shell:Creating package script '/home/bfh/hello_moveit_smk/install/hello_moveit_smk/share/hello_moveit_smk/package.sh'
[12.609s] INFO:colcon.colcon_core.shell:Creating package script '/home/bfh/hello_moveit_smk/install/hello_moveit_smk/share/hello_moveit_smk/package.bash'
[12.609s] INFO:colcon.colcon_core.shell:Creating package script '/home/bfh/hello_moveit_smk/install/hello_moveit_smk/share/hello_moveit_smk/package.zsh'
[12.610s] Level 1:colcon.colcon_core.environment:create_file_with_runtime_dependencies(/home/bfh/hello_moveit_smk/install/hello_moveit_smk/share/colcon-core/packages/hello_moveit_smk)
[12.610s] DEBUG:colcon.colcon_parallel_executor.executor.parallel:closing loop
[12.611s] DEBUG:colcon.colcon_parallel_executor.executor.parallel:loop closed
[12.611s] DEBUG:colcon.colcon_parallel_executor.executor.parallel:run_until_complete finished with '0'
[12.611s] DEBUG:colcon.colcon_core.event_reactor:joining thread
[12.629s] INFO:colcon.colcon_core.plugin_system:Skipping extension 'colcon_notification.desktop_notification.terminal_notifier': Not used on non-Darwin systems
[12.629s] INFO:colcon.colcon_core.plugin_system:Skipping extension 'colcon_notification.desktop_notification.win32': Not used on non-Windows systems
[12.629s] INFO:colcon.colcon_notification.desktop_notification:Sending desktop notification using 'notify2'
[12.653s] DEBUG:colcon.colcon_core.event_reactor:joined thread
[12.671s] INFO:colcon.colcon_core.shell:Creating prefix script '/home/bfh/hello_moveit_smk/install/local_setup.ps1'
[12.672s] INFO:colcon.colcon_core.shell:Creating prefix util module '/home/bfh/hello_moveit_smk/install/_local_setup_util_ps1.py'
[12.673s] INFO:colcon.colcon_core.shell:Creating prefix chain script '/home/bfh/hello_moveit_smk/install/setup.ps1'
[12.687s] INFO:colcon.colcon_core.shell:Creating prefix script '/home/bfh/hello_moveit_smk/install/local_setup.sh'
[12.687s] INFO:colcon.colcon_core.shell:Creating prefix util module '/home/bfh/hello_moveit_smk/install/_local_setup_util_sh.py'
[12.687s] INFO:colcon.colcon_core.shell:Creating prefix chain script '/home/bfh/hello_moveit_smk/install/setup.sh'
[12.700s] INFO:colcon.colcon_core.shell:Creating prefix script '/home/bfh/hello_moveit_smk/install/local_setup.bash'
[12.700s] INFO:colcon.colcon_core.shell:Creating prefix chain script '/home/bfh/hello_moveit_smk/install/setup.bash'
[12.712s] INFO:colcon.colcon_core.shell:Creating prefix script '/home/bfh/hello_moveit_smk/install/local_setup.zsh'
[12.712s] INFO:colcon.colcon_core.shell:Creating prefix chain script '/home/bfh/hello_moveit_smk/install/setup.zsh'
