[1.058s] DEBUG:colcon:Command line arguments: ['/usr/bin/colcon', 'build']
[1.058s] DEBUG:colcon:Parsed command line arguments: Namespace(log_base=None, log_level=None, verb_name='build', build_base='build', install_base='install', merge_install=False, symlink_install=False, test_result_base=None, continue_on_error=False, executor='parallel', parallel_workers=24, event_handlers=None, ignore_user_meta=False, metas=['./colcon.meta'], base_paths=['.'], packages_ignore=None, packages_ignore_regex=None, paths=None, packages_up_to=None, packages_up_to_regex=None, packages_above=None, packages_above_and_dependencies=None, packages_above_depth=None, packages_select_by_dep=None, packages_skip_by_dep=None, packages_skip_up_to=None, packages_select_build_failed=False, packages_skip_build_finished=False, packages_select_test_failures=False, packages_skip_test_passed=False, packages_select=None, packages_skip=None, packages_select_regex=None, packages_skip_regex=None, packages_start=None, packages_end=None, allow_overriding=[], cmake_args=None, cmake_target=None, cmake_target_skip_unavailable=False, cmake_clean_cache=False, cmake_clean_first=False, cmake_force_configure=False, ament_cmake_args=None, catkin_cmake_args=None, catkin_skip_building_tests=False, mixin_files=None, mixin=None, verb_parser=<colcon_mixin.mixin.mixin_argument.MixinArgumentDecorator object at 0x785205dc1660>, verb_extension=<colcon_core.verb.build.BuildVerb object at 0x785205d78d00>, main=<bound method BuildVerb.main of <colcon_core.verb.build.BuildVerb object at 0x785205d78d00>>, mixin_verb=('build',))
[1.134s] Level 1:colcon.colcon_core.package_discovery:discover_packages(colcon_meta) check parameters
[1.134s] Level 1:colcon.colcon_core.package_discovery:discover_packages(recursive) check parameters
[1.134s] Level 1:colcon.colcon_core.package_discovery:discover_packages(ignore) check parameters
[1.134s] Level 1:colcon.colcon_core.package_discovery:discover_packages(path) check parameters
[1.134s] Level 1:colcon.colcon_core.package_discovery:discover_packages(colcon_meta) discover
[1.135s] Level 1:colcon.colcon_core.package_discovery:discover_packages(recursive) discover
[1.135s] INFO:colcon.colcon_core.package_discovery:Crawling recursively for packages in '/home/bfh/hello_moveit_smk'
[1.135s] Level 1:colcon.colcon_core.package_identification:_identify(.) by extensions ['ignore', 'ignore_ament_install']
[1.135s] Level 1:colcon.colcon_core.package_identification:_identify(.) by extension 'ignore'
[1.135s] Level 1:colcon.colcon_core.package_identification:_identify(.) by extension 'ignore_ament_install'
[1.135s] Level 1:colcon.colcon_core.package_identification:_identify(.) by extensions ['colcon_pkg']
[1.135s] Level 1:colcon.colcon_core.package_identification:_identify(.) by extension 'colcon_pkg'
[1.135s] Level 1:colcon.colcon_core.package_identification:_identify(.) by extensions ['colcon_meta']
[1.135s] Level 1:colcon.colcon_core.package_identification:_identify(.) by extension 'colcon_meta'
[1.135s] Level 1:colcon.colcon_core.package_identification:_identify(.) by extensions ['ros']
[1.135s] Level 1:colcon.colcon_core.package_identification:_identify(.) by extension 'ros'
[1.154s] DEBUG:colcon.colcon_core.package_identification:Package '.' with type 'ros.ament_cmake' and name 'hello_moveit_smk'
[1.154s] Level 1:colcon.colcon_core.package_discovery:discover_packages(recursive) using defaults
[1.154s] Level 1:colcon.colcon_core.package_discovery:discover_packages(ignore) discover
[1.154s] Level 1:colcon.colcon_core.package_discovery:discover_packages(ignore) using defaults
[1.154s] Level 1:colcon.colcon_core.package_discovery:discover_packages(path) discover
[1.154s] Level 1:colcon.colcon_core.package_discovery:discover_packages(path) using defaults
[1.246s] Level 1:colcon.colcon_core.package_discovery:discover_packages(prefix_path) check parameters
[1.247s] Level 1:colcon.colcon_core.package_discovery:discover_packages(prefix_path) discover
[1.270s] DEBUG:colcon.colcon_installed_package_information.package_discovery:Found 56 installed packages in /home/bfh/ws_moveit2/install
[1.282s] DEBUG:colcon.colcon_installed_package_information.package_discovery:Found 341 installed packages in /opt/ros/humble
[1.283s] Level 1:colcon.colcon_core.package_discovery:discover_packages(prefix_path) using defaults
[1.384s] Level 5:colcon.colcon_core.verb:set package 'hello_moveit_smk' build argument 'cmake_args' from command line to 'None'
[1.384s] Level 5:colcon.colcon_core.verb:set package 'hello_moveit_smk' build argument 'cmake_target' from command line to 'None'
[1.384s] Level 5:colcon.colcon_core.verb:set package 'hello_moveit_smk' build argument 'cmake_target_skip_unavailable' from command line to 'False'
[1.384s] Level 5:colcon.colcon_core.verb:set package 'hello_moveit_smk' build argument 'cmake_clean_cache' from command line to 'False'
[1.384s] Level 5:colcon.colcon_core.verb:set package 'hello_moveit_smk' build argument 'cmake_clean_first' from command line to 'False'
[1.384s] Level 5:colcon.colcon_core.verb:set package 'hello_moveit_smk' build argument 'cmake_force_configure' from command line to 'False'
[1.384s] Level 5:colcon.colcon_core.verb:set package 'hello_moveit_smk' build argument 'ament_cmake_args' from command line to 'None'
[1.384s] Level 5:colcon.colcon_core.verb:set package 'hello_moveit_smk' build argument 'catkin_cmake_args' from command line to 'None'
[1.384s] Level 5:colcon.colcon_core.verb:set package 'hello_moveit_smk' build argument 'catkin_skip_building_tests' from command line to 'False'
[1.384s] DEBUG:colcon.colcon_core.verb:Building package 'hello_moveit_smk' with the following arguments: {'ament_cmake_args': None, 'build_base': '/home/bfh/hello_moveit_smk/build/hello_moveit_smk', 'catkin_cmake_args': None, 'catkin_skip_building_tests': False, 'cmake_args': None, 'cmake_clean_cache': False, 'cmake_clean_first': False, 'cmake_force_configure': False, 'cmake_target': None, 'cmake_target_skip_unavailable': False, 'install_base': '/home/bfh/hello_moveit_smk/install/hello_moveit_smk', 'merge_install': False, 'path': '/home/bfh/hello_moveit_smk', 'symlink_install': False, 'test_result_base': None}
[1.394s] INFO:colcon.colcon_core.executor:Executing jobs using 'parallel' executor
[1.405s] DEBUG:colcon.colcon_parallel_executor.executor.parallel:run_until_complete
[1.405s] INFO:colcon.colcon_ros.task.ament_cmake.build:Building ROS package in '/home/bfh/hello_moveit_smk' with build type 'ament_cmake'
[1.405s] INFO:colcon.colcon_cmake.task.cmake.build:Building CMake package in '/home/bfh/hello_moveit_smk'
[1.453s] INFO:colcon.colcon_core.plugin_system:Skipping extension 'colcon_core.shell.bat': Not used on non-Windows systems
[1.454s] INFO:colcon.colcon_core.shell:Skip shell extension 'powershell' for command environment: Not usable outside of PowerShell
[1.454s] DEBUG:colcon.colcon_core.shell:Skip shell extension 'dsv' for command environment
[1.543s] DEBUG:colcon.colcon_core.event_handler.log_command:Invoking command in '/home/bfh/hello_moveit_smk/build/hello_moveit_smk': CMAKE_PREFIX_PATH=${CMAKE_PREFIX_PATH}:/home/bfh/ws_moveit2/install/moveit_configs_utils:/home/bfh/ws_moveit2/install/launch_param_builder:/opt/ros/humble /usr/bin/cmake /home/bfh/hello_moveit_smk -DCMAKE_INSTALL_PREFIX=/home/bfh/hello_moveit_smk/install/hello_moveit_smk
[7.358s] DEBUG:colcon.colcon_core.event_handler.log_command:Invoked command in '/home/bfh/hello_moveit_smk/build/hello_moveit_smk' returned '1': CMAKE_PREFIX_PATH=${CMAKE_PREFIX_PATH}:/home/bfh/ws_moveit2/install/moveit_configs_utils:/home/bfh/ws_moveit2/install/launch_param_builder:/opt/ros/humble /usr/bin/cmake /home/bfh/hello_moveit_smk -DCMAKE_INSTALL_PREFIX=/home/bfh/hello_moveit_smk/install/hello_moveit_smk
[7.386s] Level 1:colcon.colcon_core.environment:create_environment_scripts_only(hello_moveit_smk)
[7.435s] Level 1:colcon.colcon_core.environment:checking '/home/bfh/hello_moveit_smk/install/hello_moveit_smk' for CMake module files
[7.436s] Level 1:colcon.colcon_core.environment:checking '/home/bfh/hello_moveit_smk/install/hello_moveit_smk' for CMake config files
[7.437s] Level 1:colcon.colcon_core.environment:checking '/home/bfh/hello_moveit_smk/install/hello_moveit_smk/bin'
[7.437s] Level 1:colcon.colcon_core.environment:checking '/home/bfh/hello_moveit_smk/install/hello_moveit_smk/lib/pkgconfig/hello_moveit_smk.pc'
[7.437s] Level 1:colcon.colcon_core.environment:checking '/home/bfh/hello_moveit_smk/install/hello_moveit_smk/lib/python3.10/site-packages'
[7.438s] Level 1:colcon.colcon_core.environment:checking '/home/bfh/hello_moveit_smk/install/hello_moveit_smk/bin'
[7.461s] INFO:colcon.colcon_core.shell:Creating package script '/home/bfh/hello_moveit_smk/install/hello_moveit_smk/share/hello_moveit_smk/package.ps1'
[7.463s] INFO:colcon.colcon_core.shell:Creating package descriptor '/home/bfh/hello_moveit_smk/install/hello_moveit_smk/share/hello_moveit_smk/package.dsv'
[7.463s] INFO:colcon.colcon_core.shell:Creating package script '/home/bfh/hello_moveit_smk/install/hello_moveit_smk/share/hello_moveit_smk/package.sh'
[7.464s] INFO:colcon.colcon_core.shell:Creating package script '/home/bfh/hello_moveit_smk/install/hello_moveit_smk/share/hello_moveit_smk/package.bash'
[7.464s] INFO:colcon.colcon_core.shell:Creating package script '/home/bfh/hello_moveit_smk/install/hello_moveit_smk/share/hello_moveit_smk/package.zsh'
[7.465s] Level 1:colcon.colcon_core.environment:create_file_with_runtime_dependencies(/home/bfh/hello_moveit_smk/install/hello_moveit_smk/share/colcon-core/packages/hello_moveit_smk)
[7.476s] DEBUG:colcon.colcon_parallel_executor.executor.parallel:closing loop
[7.476s] DEBUG:colcon.colcon_parallel_executor.executor.parallel:loop closed
[7.476s] DEBUG:colcon.colcon_parallel_executor.executor.parallel:run_until_complete finished with '1'
[7.476s] DEBUG:colcon.colcon_core.event_reactor:joining thread
[7.515s] INFO:colcon.colcon_core.plugin_system:Skipping extension 'colcon_notification.desktop_notification.terminal_notifier': Not used on non-Darwin systems
[7.515s] INFO:colcon.colcon_core.plugin_system:Skipping extension 'colcon_notification.desktop_notification.win32': Not used on non-Windows systems
[7.515s] INFO:colcon.colcon_notification.desktop_notification:Sending desktop notification using 'notify2'
[7.542s] DEBUG:colcon.colcon_core.event_reactor:joined thread
[7.569s] INFO:colcon.colcon_core.shell:Creating prefix script '/home/bfh/hello_moveit_smk/install/local_setup.ps1'
[7.570s] INFO:colcon.colcon_core.shell:Creating prefix util module '/home/bfh/hello_moveit_smk/install/_local_setup_util_ps1.py'
[7.572s] INFO:colcon.colcon_core.shell:Creating prefix chain script '/home/bfh/hello_moveit_smk/install/setup.ps1'
[7.586s] INFO:colcon.colcon_core.shell:Creating prefix script '/home/bfh/hello_moveit_smk/install/local_setup.sh'
[7.587s] INFO:colcon.colcon_core.shell:Creating prefix util module '/home/bfh/hello_moveit_smk/install/_local_setup_util_sh.py'
[7.587s] INFO:colcon.colcon_core.shell:Creating prefix chain script '/home/bfh/hello_moveit_smk/install/setup.sh'
[7.599s] INFO:colcon.colcon_core.shell:Creating prefix script '/home/bfh/hello_moveit_smk/install/local_setup.bash'
[7.600s] INFO:colcon.colcon_core.shell:Creating prefix chain script '/home/bfh/hello_moveit_smk/install/setup.bash'
[7.612s] INFO:colcon.colcon_core.shell:Creating prefix script '/home/bfh/hello_moveit_smk/install/local_setup.zsh'
[7.613s] INFO:colcon.colcon_core.shell:Creating prefix chain script '/home/bfh/hello_moveit_smk/install/setup.zsh'
