[100%] Built target hello_moveit_smk
-- Install configuration: ""
-- Up-to-date: /home/bfh/hello_moveit_smk/install/hello_moveit_smk/lib/hello_moveit_smk/hello_moveit_smk
-- Up-to-date: /home/bfh/hello_moveit_smk/install/hello_moveit_smk/share/hello_moveit_smk/launch
-- Up-to-date: /home/bfh/hello_moveit_smk/install/hello_moveit_smk/share/hello_moveit_smk/launch/sample_reduced.launch.py
-- Up-to-date: /home/bfh/hello_moveit_smk/install/hello_moveit_smk/share/ament_index/resource_index/package_run_dependencies/hello_moveit_smk
-- Up-to-date: /home/bfh/hello_moveit_smk/install/hello_moveit_smk/share/ament_index/resource_index/parent_prefix_path/hello_moveit_smk
-- Up-to-date: /home/bfh/hello_moveit_smk/install/hello_moveit_smk/share/hello_moveit_smk/environment/ament_prefix_path.sh
-- Up-to-date: /home/bfh/hello_moveit_smk/install/hello_moveit_smk/share/hello_moveit_smk/environment/ament_prefix_path.dsv
-- Up-to-date: /home/bfh/hello_moveit_smk/install/hello_moveit_smk/share/hello_moveit_smk/environment/path.sh
-- Up-to-date: /home/bfh/hello_moveit_smk/install/hello_moveit_smk/share/hello_moveit_smk/environment/path.dsv
-- Up-to-date: /home/bfh/hello_moveit_smk/install/hello_moveit_smk/share/hello_moveit_smk/local_setup.bash
-- Up-to-date: /home/bfh/hello_moveit_smk/install/hello_moveit_smk/share/hello_moveit_smk/local_setup.sh
-- Up-to-date: /home/bfh/hello_moveit_smk/install/hello_moveit_smk/share/hello_moveit_smk/local_setup.zsh
-- Up-to-date: /home/bfh/hello_moveit_smk/install/hello_moveit_smk/share/hello_moveit_smk/local_setup.dsv
-- Installing: /home/bfh/hello_moveit_smk/install/hello_moveit_smk/share/hello_moveit_smk/package.dsv
-- Up-to-date: /home/bfh/hello_moveit_smk/install/hello_moveit_smk/share/ament_index/resource_index/packages/hello_moveit_smk
-- Up-to-date: /home/bfh/hello_moveit_smk/install/hello_moveit_smk/share/hello_moveit_smk/cmake/hello_moveit_smkConfig.cmake
-- Up-to-date: /home/bfh/hello_moveit_smk/install/hello_moveit_smk/share/hello_moveit_smk/cmake/hello_moveit_smkConfig-version.cmake
-- Up-to-date: /home/bfh/hello_moveit_smk/install/hello_moveit_smk/share/hello_moveit_smk/package.xml
